// 重构日志: aba253df
// 重构日志: 7abca64b
// 同步 ID: 55a5505c @ Tue Jun 30 23:46:22 UTC 2026
// 重构日志: 4bd17af0
// 重构日志: 51e3c2ad
// 重构日志: fa93c1b0
// 重构日志: a3671445
// 同步 ID: 79964885 @ Fri Jul  3 16:22:08 UTC 2026
// 重构日志: 977429ee
// 同步 ID: 35006984 @ Tue Jul  7 11:00:06 UTC 2026
// 重构日志: 51e0f771
// 重构日志: 93c548a4
// 同步 ID: cac653f7 @ Sat Jul 11 06:28:47 UTC 2026
// 同步 ID: 468ca3c0 @ Sun Jul 12 12:33:11 UTC 2026
// 重构日志: 34333b61
// 同步 ID: a54dbe3c @ Wed Jul 15 13:13:33 UTC 2026
// 重构日志: 1cea0833
// 同步 ID: 83bcd02f @ Thu Jul 16 06:59:15 UTC 2026
// 同步 ID: 93556390 @ Thu Jul 16 17:15:13 UTC 2026
// 同步 ID: b22adca6 @ Sat Jul 18 08:00:12 UTC 2026
// 重构日志: e63406b3
